<?xml version="1.0" encoding="utf-8"?><testsuites name="pytest tests"><testsuite name="pytest" errors="0" failures="0" skipped="0" tests="5" time="8.163" timestamp="2026-03-24T21:58:38.954075+00:00" hostname="agent-env-a322cbea-64b3-4949-83d7-c4bacdf798ec"><testcase classname="backend.tests.test_primo_pools.TestHealth" name="test_health" time="0.285" /><testcase classname="backend.tests.test_primo_pools.TestContact" name="test_contact_valid" time="0.169" /><testcase classname="backend.tests.test_primo_pools.TestContact" name="test_contact_missing_required_field" time="0.109" /><testcase classname="backend.tests.test_primo_pools.TestChat" name="test_chat_valid_message" time="7.379" /><testcase classname="backend.tests.test_primo_pools.TestChat" name="test_chat_no_messages" time="0.133" /></testsuite></testsuites>